<?xml version="1.0" encoding="UTF-8"?>
<!-- Generated by org.testng.reporters.JUnitXMLReporter -->
<testsuite hostname="Siddharth" ignored="0" name="Test1" tests="4" failures="0" timestamp="02 Aug 2021 02:38:28 GMT" time="0.11" errors="0">
  <testcase name="c_startAppium" time="0.026" classname="RSA.RSA_Maven.AppiumTest"/>
  <testcase name="d_endAppium" time="0.0" classname="RSA.RSA_Maven.AppiumTest"/>
  <testcase name="a_startBrowser" time="0.001" classname="RSA.RSA_Maven.SeleniumTest"/>
  <testcase name="b_endBrowser" time="0.001" classname="RSA.RSA_Maven.SeleniumTest"/>
</testsuite> <!-- Test1 -->
